2025-06-19 13:12:36: Server reachable, starting streaming...
2025-06-19 13:12:36: Server reachable, starting streaming...
2025-06-19 13:13:55: Cleanup complete. Lock file removed.
2025-06-19 13:14:16: Server reachable, starting streaming...
2025-06-19 13:14:16: Server reachable, starting streaming...
2025-06-19 13:15:08: Server reachable, starting streaming...
2025-06-19 13:15:08: Server reachable, starting streaming...
2025-06-19 13:15:42: Cleanup complete. Lock file removed.
2025-06-19 13:16:02: ERROR: Video device /dev/video0 not found!
2025-06-19 13:20:27: Waiting for video device /dev/video0 to appear...
2025-06-19 13:20:27: /dev/video0 is now available.
2025-06-19 13:20:28: Server reachable, starting streaming...
2025-06-19 13:20:30: Cleanup complete. Lock file removed.
2025-06-19 13:20:48: Waiting for video device /dev/video0 to appear...
2025-06-19 13:20:48: Waiting for video device /dev/video0 to appear...
2025-06-19 13:21:48: /dev/video0 is now available.
2025-06-19 13:21:48: /dev/video0 is now available.
2025-06-19 13:21:49: Server reachable, starting streaming...
2025-06-19 13:21:49: Server reachable, starting streaming...
2025-06-19 13:23:26: Stale lock detected. Removing...
2025-06-19 13:23:26: Stale lock detected. Removing...
2025-06-19 13:23:26: Waiting for video device /dev/video0 to appear...
2025-06-19 13:23:26: Waiting for video device /dev/video0 to appear...
2025-06-19 13:25:19: ERROR: Video device /dev/video0 not found after waiting.
2025-06-19 13:30:40: Waiting for video device /dev/video0...
2025-06-19 13:30:40: Waiting for video device /dev/video0...
2025-06-19 13:31:45: /dev/video0 is now available.
2025-06-19 13:31:45: /dev/video0 is now available.
2025-06-19 13:31:46: Server reachable, starting streaming...
2025-06-19 13:31:46: Server reachable, starting streaming...
2025-06-19 13:32:13: Stale lock detected. Removing...
2025-06-19 13:32:13: Stale lock detected. Removing...
2025-06-19 13:32:14: Waiting for video device /dev/video0...
2025-06-19 13:32:14: Waiting for video device /dev/video0...
2025-06-19 13:34:31: /dev/video0 is now available.
2025-06-19 13:34:31: /dev/video0 is now available.
2025-06-19 13:34:33: Server reachable, starting streaming...
2025-06-19 13:34:33: Server reachable, starting streaming...
2025-06-19 13:37:12: Stale lock detected. Removing...
2025-06-19 13:37:12: Stale lock detected. Removing...
2025-06-19 13:37:12: Waiting for video device /dev/video0...
2025-06-19 13:37:12: Waiting for video device /dev/video0...
2025-06-19 13:37:39: /dev/video0 is now available.
2025-06-19 13:37:39: /dev/video0 is now available.
2025-06-19 13:37:41: Server reachable, starting streaming...
2025-06-19 13:37:41: Server reachable, starting streaming...
2025-06-19 13:54:50: Stale lock detected. Removing...
2025-06-19 13:54:50: Stale lock detected. Removing...
2025-06-19 13:54:50: Waiting for video device /dev/video0...
2025-06-19 13:54:50: Waiting for video device /dev/video0...
2025-06-19 13:55:18: /dev/video0 is now available.
2025-06-19 13:55:18: /dev/video0 is now available.
2025-06-19 13:55:20: Server reachable, starting streaming...
2025-06-19 13:55:20: Server reachable, starting streaming...
2025-06-19 14:10:55: Stale lock detected. Removing...
2025-06-19 14:10:55: Stale lock detected. Removing...
2025-06-19 14:10:55: Waiting for video device /dev/video0...
2025-06-19 14:10:55: Waiting for video device /dev/video0...
2025-06-19 14:11:20: /dev/video0 is now available.
2025-06-19 14:11:20: /dev/video0 is now available.
2025-06-19 17:04:41: Server reachable, starting streaming...
2025-06-19 17:04:41: Server reachable, starting streaming...
2025-06-19 17:08:32: Stale lock detected. Removing...
2025-06-19 17:08:32: Stale lock detected. Removing...
2025-06-19 17:08:33: Waiting for video device /dev/video0...
2025-06-19 17:08:33: Waiting for video device /dev/video0...
2025-06-19 17:08:55: /dev/video0 is now available.
2025-06-19 17:08:55: /dev/video0 is now available.
2025-06-19 17:39:12: Server reachable, starting streaming...
2025-06-19 17:39:12: Server reachable, starting streaming...
2025-06-19 17:39:21: Cleanup complete. Lock file removed.
2025-06-19 17:39:21: Cleanup complete. Lock file removed.
