2025-06-19 13:11:20: Cleanup complete. Lock file removed.
Nginx site config created at /etc/nginx/sites-available/Stream2Web
Nginx site already enabled.
2025-06-19 13:12:33: Cleanup complete. Lock file removed.
2025-06-19 13:12:33: Cleanup complete. Lock file removed.
Reloading nginx...
Stream index.html created at /var/www/html/stream/index.html
Nginx site config created at /etc/nginx/sites-available/Stream2Web
Nginx site already enabled.
2025-06-19 13:14:13: Cleanup complete. Lock file removed.
2025-06-19 13:14:13: Cleanup complete. Lock file removed.
Reloading nginx...
Stream index.html created at /var/www/html/stream/index.html
Nginx site config created at /etc/nginx/sites-available/Stream2Web
Nginx site already enabled.
2025-06-19 13:15:05: Cleanup complete. Lock file removed.
2025-06-19 13:15:05: Cleanup complete. Lock file removed.
Reloading nginx...
Stream index.html created at /var/www/html/stream/index.html
Nginx site config created at /etc/nginx/sites-available/Stream2Web
Nginx site already enabled.
2025-06-19 13:16:00: Cleanup complete. Lock file removed.
2025-06-19 13:16:00: Cleanup complete. Lock file removed.
Reloading nginx...
Stream index.html created at /var/www/html/stream/index.html
Nginx site config created at /etc/nginx/sites-available/Stream2Web
Nginx site already enabled.
2025-06-19 13:20:48: Cleanup complete. Lock file removed.
2025-06-19 13:20:48: Cleanup complete. Lock file removed.
Reloading nginx...
Stream index.html created at /var/www/html/stream/index.html
Nginx site config created at /etc/nginx/sites-available/Stream2Web
Nginx site already enabled.
2025-06-19 13:23:26: Cleanup complete. Lock file removed.
2025-06-19 13:23:26: Cleanup complete. Lock file removed.
Reloading nginx...
Stream index.html created at /var/www/html/stream/index.html
Nginx site config created at /etc/nginx/sites-available/Stream2Web
Nginx site already enabled.
2025-06-19 13:30:40: Cleanup complete. Lock file removed.
2025-06-19 13:30:40: Cleanup complete. Lock file removed.
Reloading nginx...
Stream index.html created at /var/www/html/stream/index.html
Nginx site config created at /etc/nginx/sites-available/Stream2Web
Nginx site already enabled.
2025-06-19 13:32:13: Cleanup complete. Lock file removed.
2025-06-19 13:32:13: Cleanup complete. Lock file removed.
Reloading nginx...
Stream index.html created at /var/www/html/stream/index.html
Nginx site config created at /etc/nginx/sites-available/Stream2Web
Nginx site already enabled.
2025-06-19 13:37:12: Cleanup complete. Lock file removed.
2025-06-19 13:37:12: Cleanup complete. Lock file removed.
Reloading nginx...
Stream index.html created at /var/www/html/stream/index.html
Nginx site config created at /etc/nginx/sites-available/Stream2Web
Nginx site already enabled.
2025-06-19 13:54:50: Cleanup complete. Lock file removed.
2025-06-19 13:54:50: Cleanup complete. Lock file removed.
Reloading nginx...
Stream index.html created at /var/www/html/stream/index.html
Nginx site config created at /etc/nginx/sites-available/Stream2Web
Nginx site already enabled.
2025-06-19 14:10:54: Cleanup complete. Lock file removed.
2025-06-19 14:10:54: Cleanup complete. Lock file removed.
Reloading nginx...
Stream index.html created at /var/www/html/stream/index.html
Nginx site config created at /etc/nginx/sites-available/Stream2Web
Nginx site already enabled.
2025-06-19 17:08:31: Cleanup complete. Lock file removed.
2025-06-19 17:08:31: Cleanup complete. Lock file removed.
Reloading nginx...
Stream index.html created at /var/www/html/stream/index.html
